<?xml version="1.0" encoding="UTF-8"?>
<testng-results ignored="0" total="1" passed="1" failed="0" skipped="0">
  <reporter-output>
  </reporter-output>
  <suite started-at="2024-06-07T22:57:33 IST" name="Default suite" finished-at="2024-06-07T22:57:36 IST" duration-ms="3068">
    <groups>
    </groups>
    <test started-at="2024-06-07T22:57:33 IST" name="Default test" finished-at="2024-06-07T22:57:36 IST" duration-ms="3068">
      <class name="sendingJasonAsObject.CreateUser">
        <test-method signature="createUser()[pri:0, instance:sendingJasonAsObject.CreateUser@71a8adcf]" started-at="2024-06-07T22:57:33 IST" name="createUser" finished-at="2024-06-07T22:57:36 IST" duration-ms="3019" status="PASS">
          <reporter-output>
          </reporter-output>
        </test-method> <!-- createUser -->
      </class> <!-- sendingJasonAsObject.CreateUser -->
    </test> <!-- Default test -->
  </suite> <!-- Default suite -->
</testng-results>
