<?xml version="1.0" encoding="UTF-8"?>
<!-- Generated by org.testng.reporters.JUnitXMLReporter -->
<testsuite ignored="0" hostname="PureBook-S14" failures="0" tests="4" name="Test" time="4.472" errors="0" timestamp="2024-06-06T01:40:26 IST">
  <testcase classname="Ecom.login" name="loginToApp" time="2.131"/>
  <testcase classname="Ecom.AddProductt" name="addProduct" time="0.491"/>
  <testcase classname="Ecom.placeAnOrder" name="placeAnOrder" time="0.758"/>
  <testcase classname="Ecom.DeleteProduct" name="deleteAProduct" time="1.055"/>
</testsuite> <!-- Test -->
